# JRE version: OpenJDK Runtime Environment (17.0.6) (build 17.0.6+0-b2043.56-10027231)
# Java VM: OpenJDK 64-Bit Server VM (17.0.6+0-b2043.56-10027231, mixed mode, tiered, compressed oops, compressed class ptrs, g1 gc, windows-amd64)
GC Precious Log:
 CPUs: 8 total, 8 available
 Memory: 16078M
 Large Page Support: Disabled
 NUMA Support: Disabled
 Compressed Oops: Enabled (Zero based)
 Heap Region Size: 2M
 Heap Min Capacity: 8M
 Heap Initial Capacity: 252M
 Heap Max Capacity: 4G
 Pre-touch: Disabled
 Parallel Workers: 8
 Concurrent Workers: 2
 Concurrent Refinement Workers: 8
 Periodic GC: Disabled
Heap:
 garbage-first heap   total 258048K, used 226677K [0x0000000700000000, 0x0000000800000000)
  region size 2048K, 1 young (2048K), 1 survivors (2048K)
 Metaspace       used 109773K, committed 110720K, reserved 1146880K
  class space    used 15035K, committed 15424K, reserved 1048576K
GC Heap History (20 events):
Event: 21.049 GC heap after
{Heap after GC invocations=56 (full 0):
 garbage-first heap   total 208896K, used 121417K [0x0000000700000000, 0x0000000800000000)
  region size 2048K, 2 young (4096K), 2 survivors (4096K)
 Metaspace       used 101095K, committed 101888K, reserved 1138688K
  class space    used 13929K, committed 14272K, reserved 1048576K
}
Event: 21.160 GC heap before
{Heap before GC invocations=56 (full 0):
 garbage-first heap   total 208896K, used 127561K [0x0000000700000000, 0x0000000800000000)
  region size 2048K, 5 young (10240K), 2 survivors (4096K)
 Metaspace       used 101631K, committed 102400K, reserved 1138688K
  class space    used 14008K, committed 14336K, reserved 1048576K
}
Event: 21.166 GC heap after
{Heap after GC invocations=57 (full 0):
 garbage-first heap   total 208896K, used 121374K [0x0000000700000000, 0x0000000800000000)
  region size 2048K, 1 young (2048K), 1 survivors (2048K)
 Metaspace       used 101631K, committed 102400K, reserved 1138688K
  class space    used 14008K, committed 14336K, reserved 1048576K
}
Event: 21.663 GC heap before
{Heap before GC invocations=57 (full 0):
 garbage-first heap   total 208896K, used 162334K [0x0000000700000000, 0x0000000800000000)
  region size 2048K, 21 young (43008K), 1 survivors (2048K)
 Metaspace       used 102910K, committed 103744K, reserved 1138688K
  class space    used 14176K, committed 14528K, reserved 1048576K
}
Event: 21.670 GC heap after
{Heap after GC invocations=58 (full 0):
 garbage-first heap   total 251904K, used 126312K [0x0000000700000000, 0x0000000800000000)
  region size 2048K, 3 young (6144K), 3 survivors (6144K)
 Metaspace       used 102910K, committed 103744K, reserved 1138688K
  class space    used 14176K, committed 14528K, reserved 1048576K
}
Event: 49.956 GC heap before
{Heap before GC invocations=59 (full 0):
 garbage-first heap   total 251904K, used 189800K [0x0000000700000000, 0x0000000800000000)
  region size 2048K, 35 young (71680K), 3 survivors (6144K)
 Metaspace       used 106352K, committed 107328K, reserved 1146880K
  class space    used 14600K, committed 15040K, reserved 1048576K
}
Event: 49.970 GC heap after
{Heap after GC invocations=60 (full 0):
 garbage-first heap   total 251904K, used 133275K [0x0000000700000000, 0x0000000800000000)
  region size 2048K, 4 young (8192K), 4 survivors (8192K)
 Metaspace       used 106352K, committed 107328K, reserved 1146880K
  class space    used 14600K, committed 15040K, reserved 1048576K
}
Event: 50.226 GC heap before
{Heap before GC invocations=60 (full 0):
 garbage-first heap   total 251904K, used 135323K [0x0000000700000000, 0x0000000800000000)
  region size 2048K, 6 young (12288K), 4 survivors (8192K)
 Metaspace       used 106388K, committed 107328K, reserved 1146880K
  class space    used 14605K, committed 15040K, reserved 1048576K
}
Event: 50.243 GC heap after
{Heap after GC invocations=61 (full 0):
 garbage-first heap   total 251904K, used 133257K [0x0000000700000000, 0x0000000800000000)
  region size 2048K, 1 young (2048K), 1 survivors (2048K)
 Metaspace       used 106388K, committed 107328K, reserved 1146880K
  class space    used 14605K, committed 15040K, reserved 1048576K
}
Event: 54.083 GC heap before
{Heap before GC invocations=61 (full 0):
 garbage-first heap   total 251904K, used 192649K [0x0000000700000000, 0x0000000800000000)
  region size 2048K, 31 young (63488K), 1 survivors (2048K)
 Metaspace       used 107893K, committed 108864K, reserved 1146880K
  class space    used 14832K, committed 15232K, reserved 1048576K
}
Event: 54.090 GC heap after
{Heap after GC invocations=62 (full 0):
 garbage-first heap   total 251904K, used 136322K [0x0000000700000000, 0x0000000800000000)
  region size 2048K, 3 young (6144K), 3 survivors (6144K)
 Metaspace       used 107893K, committed 108864K, reserved 1146880K
  class space    used 14832K, committed 15232K, reserved 1048576K
}
Event: 55.420 GC heap before
{Heap before GC invocations=63 (full 0):
 garbage-first heap   total 251904K, used 195714K [0x0000000700000000, 0x0000000800000000)
  region size 2048K, 33 young (67584K), 3 survivors (6144K)
 Metaspace       used 109252K, committed 110272K, reserved 1146880K
  class space    used 14975K, committed 15424K, reserved 1048576K
}
Event: 55.430 GC heap after
{Heap after GC invocations=64 (full 0):
 garbage-first heap   total 251904K, used 142616K [0x0000000700000000, 0x0000000800000000)
  region size 2048K, 5 young (10240K), 5 survivors (10240K)
 Metaspace       used 109252K, committed 110272K, reserved 1146880K
  class space    used 14975K, committed 15424K, reserved 1048576K
}
Event: 55.505 GC heap before
{Heap before GC invocations=64 (full 0):
 garbage-first heap   total 251904K, used 144664K [0x0000000700000000, 0x0000000800000000)
  region size 2048K, 6 young (12288K), 5 survivors (10240K)
 Metaspace       used 109316K, committed 110336K, reserved 1146880K
  class space    used 14985K, committed 15424K, reserved 1048576K
}
Event: 55.518 GC heap after
{Heap after GC invocations=65 (full 0):
 garbage-first heap   total 251904K, used 143489K [0x0000000700000000, 0x0000000800000000)
  region size 2048K, 1 young (2048K), 1 survivors (2048K)
 Metaspace       used 109316K, committed 110336K, reserved 1146880K
  class space    used 14985K, committed 15424K, reserved 1048576K
}
Event: 55.656 GC heap before
{Heap before GC invocations=65 (full 0):
 garbage-first heap   total 251904K, used 194689K [0x0000000700000000, 0x0000000800000000)
  region size 2048K, 8 young (16384K), 1 survivors (2048K)
 Metaspace       used 109507K, committed 110464K, reserved 1146880K
  class space    used 15010K, committed 15424K, reserved 1048576K
}
Event: 55.662 GC heap after
{Heap after GC invocations=66 (full 0):
 garbage-first heap   total 251904K, used 183982K [0x0000000700000000, 0x0000000800000000)
  region size 2048K, 1 young (2048K), 1 survivors (2048K)
 Metaspace       used 109507K, committed 110464K, reserved 1146880K
  class space    used 15010K, committed 15424K, reserved 1048576K
}
Event: 55.980 GC heap before
{Heap before GC invocations=66 (full 0):
 garbage-first heap   total 251904K, used 241326K [0x0000000700000000, 0x0000000800000000)
  region size 2048K, 11 young (22528K), 1 survivors (2048K)
 Metaspace       used 109696K, committed 110656K, reserved 1146880K
  class space    used 15025K, committed 15424K, reserved 1048576K
}
Event: 55.984 GC heap after
{Heap after GC invocations=67 (full 0):
 garbage-first heap   total 251904K, used 226009K [0x0000000700000000, 0x0000000800000000)
  region size 2048K, 2 young (4096K), 2 survivors (4096K)
 Metaspace       used 109696K, committed 110656K, reserved 1146880K
  class space    used 15025K, committed 15424K, reserved 1048576K
}
Event: 56.125 GC heap before
{Heap before GC invocations=67 (full 0):
 garbage-first heap   total 251904K, used 234201K [0x0000000700000000, 0x0000000800000000)
  region size 2048K, 7 young (14336K), 2 survivors (4096K)
 Metaspace       used 109773K, committed 110720K, reserved 1146880K
  class space    used 15035K, committed 15424K, reserved 1048576K
}

