# JRE version: OpenJDK Runtime Environment (17.0.6) (build 17.0.6+0-b2043.56-10027231)
# Java VM: OpenJDK 64-Bit Server VM (17.0.6+0-b2043.56-10027231, mixed mode, tiered, compressed oops, compressed class ptrs, g1 gc, windows-amd64)
GC Precious Log:
 CPUs: 8 total, 8 available
 Memory: 16078M
 Large Page Support: Disabled
 NUMA Support: Disabled
 Compressed Oops: Enabled (Zero based)
 Heap Region Size: 2M
 Heap Min Capacity: 8M
 Heap Initial Capacity: 252M
 Heap Max Capacity: 4G
 Pre-touch: Disabled
 Parallel Workers: 8
 Concurrent Workers: 2
 Concurrent Refinement Workers: 8
 Periodic GC: Disabled
Heap:
 garbage-first heap   total 268288K, used 193060K [0x0000000700000000, 0x0000000800000000)
  region size 2048K, 36 young (73728K), 1 survivors (2048K)
 Metaspace       used 109328K, committed 110208K, reserved 1146880K
  class space    used 14940K, committed 15296K, reserved 1048576K
GC Heap History (20 events):
Event: 32.309 GC heap before
{Heap before GC invocations=36 (full 0):
 garbage-first heap   total 157696K, used 119219K [0x0000000700000000, 0x0000000800000000)
  region size 2048K, 26 young (53248K), 4 survivors (8192K)
 Metaspace       used 88121K, committed 88832K, reserved 1130496K
  class space    used 11867K, committed 12160K, reserved 1048576K
}
Event: 32.318 GC heap after
{Heap after GC invocations=37 (full 0):
 garbage-first heap   total 157696K, used 76173K [0x0000000700000000, 0x0000000800000000)
  region size 2048K, 3 young (6144K), 3 survivors (6144K)
 Metaspace       used 88121K, committed 88832K, reserved 1130496K
  class space    used 11867K, committed 12160K, reserved 1048576K
}
Event: 33.429 GC heap before
{Heap before GC invocations=37 (full 0):
 garbage-first heap   total 157696K, used 121229K [0x0000000700000000, 0x0000000800000000)
  region size 2048K, 25 young (51200K), 3 survivors (6144K)
 Metaspace       used 92513K, committed 93248K, reserved 1130496K
  class space    used 12653K, committed 12992K, reserved 1048576K
}
Event: 33.436 GC heap after
{Heap after GC invocations=38 (full 0):
 garbage-first heap   total 157696K, used 78728K [0x0000000700000000, 0x0000000800000000)
  region size 2048K, 3 young (6144K), 3 survivors (6144K)
 Metaspace       used 92513K, committed 93248K, reserved 1130496K
  class space    used 12653K, committed 12992K, reserved 1048576K
}
Event: 34.085 GC heap before
{Heap before GC invocations=39 (full 0):
 garbage-first heap   total 157696K, used 123784K [0x0000000700000000, 0x0000000800000000)
  region size 2048K, 25 young (51200K), 3 survivors (6144K)
 Metaspace       used 95166K, committed 95872K, reserved 1138688K
  class space    used 13039K, committed 13376K, reserved 1048576K
}
Event: 34.094 GC heap after
{Heap after GC invocations=40 (full 0):
 garbage-first heap   total 157696K, used 83673K [0x0000000700000000, 0x0000000800000000)
  region size 2048K, 4 young (8192K), 4 survivors (8192K)
 Metaspace       used 95166K, committed 95872K, reserved 1138688K
  class space    used 13039K, committed 13376K, reserved 1048576K
}
Event: 34.935 GC heap before
{Heap before GC invocations=40 (full 0):
 garbage-first heap   total 157696K, used 124633K [0x0000000700000000, 0x0000000800000000)
  region size 2048K, 24 young (49152K), 4 survivors (8192K)
 Metaspace       used 96483K, committed 97280K, reserved 1138688K
  class space    used 13218K, committed 13568K, reserved 1048576K
}
Event: 34.949 GC heap after
{Heap after GC invocations=41 (full 0):
 garbage-first heap   total 157696K, used 87907K [0x0000000700000000, 0x0000000800000000)
  region size 2048K, 3 young (6144K), 3 survivors (6144K)
 Metaspace       used 96483K, committed 97280K, reserved 1138688K
  class space    used 13218K, committed 13568K, reserved 1048576K
}
Event: 35.599 GC heap before
{Heap before GC invocations=42 (full 0):
 garbage-first heap   total 161792K, used 124771K [0x0000000700000000, 0x0000000800000000)
  region size 2048K, 22 young (45056K), 3 survivors (6144K)
 Metaspace       used 97881K, committed 98752K, reserved 1138688K
  class space    used 13450K, committed 13824K, reserved 1048576K
}
Event: 35.608 GC heap after
{Heap after GC invocations=43 (full 0):
 garbage-first heap   total 161792K, used 97198K [0x0000000700000000, 0x0000000800000000)
  region size 2048K, 3 young (6144K), 3 survivors (6144K)
 Metaspace       used 97881K, committed 98752K, reserved 1138688K
  class space    used 13450K, committed 13824K, reserved 1048576K
}
Event: 36.009 GC heap before
{Heap before GC invocations=43 (full 0):
 garbage-first heap   total 161792K, used 125870K [0x0000000700000000, 0x0000000800000000)
  region size 2048K, 18 young (36864K), 3 survivors (6144K)
 Metaspace       used 98177K, committed 99072K, reserved 1138688K
  class space    used 13486K, committed 13888K, reserved 1048576K
}
Event: 36.016 GC heap after
{Heap after GC invocations=44 (full 0):
 garbage-first heap   total 161792K, used 109697K [0x0000000700000000, 0x0000000800000000)
  region size 2048K, 3 young (6144K), 3 survivors (6144K)
 Metaspace       used 98177K, committed 99072K, reserved 1138688K
  class space    used 13486K, committed 13888K, reserved 1048576K
}
Event: 36.282 GC heap before
{Heap before GC invocations=45 (full 0):
 garbage-first heap   total 202752K, used 130177K [0x0000000700000000, 0x0000000800000000)
  region size 2048K, 13 young (26624K), 3 survivors (6144K)
 Metaspace       used 98458K, committed 99392K, reserved 1138688K
  class space    used 13525K, committed 13952K, reserved 1048576K
}
Event: 36.289 GC heap after
{Heap after GC invocations=46 (full 0):
 garbage-first heap   total 202752K, used 115359K [0x0000000700000000, 0x0000000800000000)
  region size 2048K, 2 young (4096K), 2 survivors (4096K)
 Metaspace       used 98458K, committed 99392K, reserved 1138688K
  class space    used 13525K, committed 13952K, reserved 1048576K
}
Event: 37.202 GC heap before
{Heap before GC invocations=46 (full 0):
 garbage-first heap   total 202752K, used 156319K [0x0000000700000000, 0x0000000800000000)
  region size 2048K, 22 young (45056K), 2 survivors (4096K)
 Metaspace       used 103318K, committed 104192K, reserved 1146880K
  class space    used 14228K, committed 14656K, reserved 1048576K
}
Event: 37.212 GC heap after
{Heap after GC invocations=47 (full 0):
 garbage-first heap   total 202752K, used 119985K [0x0000000700000000, 0x0000000800000000)
  region size 2048K, 2 young (4096K), 2 survivors (4096K)
 Metaspace       used 103318K, committed 104192K, reserved 1146880K
  class space    used 14228K, committed 14656K, reserved 1048576K
}
Event: 37.901 GC heap before
{Heap before GC invocations=48 (full 0):
 garbage-first heap   total 215040K, used 158897K [0x0000000700000000, 0x0000000800000000)
  region size 2048K, 21 young (43008K), 2 survivors (4096K)
 Metaspace       used 105523K, committed 106432K, reserved 1146880K
  class space    used 14500K, committed 14912K, reserved 1048576K
}
Event: 37.913 GC heap after
{Heap after GC invocations=49 (full 0):
 garbage-first heap   total 215040K, used 125551K [0x0000000700000000, 0x0000000800000000)
  region size 2048K, 3 young (6144K), 3 survivors (6144K)
 Metaspace       used 105523K, committed 106432K, reserved 1146880K
  class space    used 14500K, committed 14912K, reserved 1048576K
}
Event: 37.967 GC heap before
{Heap before GC invocations=49 (full 0):
 garbage-first heap   total 215040K, used 129647K [0x0000000700000000, 0x0000000800000000)
  region size 2048K, 5 young (10240K), 3 survivors (6144K)
 Metaspace       used 105765K, committed 106752K, reserved 1146880K
  class space    used 14532K, committed 14976K, reserved 1048576K
}
Event: 37.975 GC heap after
{Heap after GC invocations=50 (full 0):
 garbage-first heap   total 268288K, used 125476K [0x0000000700000000, 0x0000000800000000)
  region size 2048K, 1 young (2048K), 1 survivors (2048K)
 Metaspace       used 105765K, committed 106752K, reserved 1146880K
  class space    used 14532K, committed 14976K, reserved 1048576K
}

