# JRE version: OpenJDK Runtime Environment (17.0.6) (build 17.0.6+0-b2043.56-10027231)
# Java VM: OpenJDK 64-Bit Server VM (17.0.6+0-b2043.56-10027231, mixed mode, tiered, compressed oops, compressed class ptrs, g1 gc, windows-amd64)
GC Precious Log:
 CPUs: 8 total, 8 available
 Memory: 16078M
 Large Page Support: Disabled
 NUMA Support: Disabled
 Compressed Oops: Enabled (Zero based)
 Heap Region Size: 2M
 Heap Min Capacity: 8M
 Heap Initial Capacity: 252M
 Heap Max Capacity: 4G
 Pre-touch: Disabled
 Parallel Workers: 8
 Concurrent Workers: 2
 Concurrent Refinement Workers: 8
 Periodic GC: Disabled
Heap:
 garbage-first heap   total 233472K, used 165363K [0x0000000700000000, 0x0000000800000000)
  region size 2048K, 22 young (45056K), 1 survivors (2048K)
 Metaspace       used 107354K, committed 108224K, reserved 1146880K
  class space    used 14707K, committed 15104K, reserved 1048576K
GC Heap History (20 events):
Event: 46.584 GC heap before
{Heap before GC invocations=32 (full 0):
 garbage-first heap   total 153600K, used 108070K [0x0000000700000000, 0x0000000800000000)
  region size 2048K, 19 young (38912K), 3 survivors (6144K)
 Metaspace       used 88094K, committed 88832K, reserved 1130496K
  class space    used 11854K, committed 12160K, reserved 1048576K
}
Event: 46.588 GC heap after
{Heap after GC invocations=33 (full 0):
 garbage-first heap   total 153600K, used 77563K [0x0000000700000000, 0x0000000800000000)
  region size 2048K, 2 young (4096K), 2 survivors (4096K)
 Metaspace       used 88094K, committed 88832K, reserved 1130496K
  class space    used 11854K, committed 12160K, reserved 1048576K
}
Event: 47.765 GC heap before
{Heap before GC invocations=33 (full 0):
 garbage-first heap   total 153600K, used 124667K [0x0000000700000000, 0x0000000800000000)
  region size 2048K, 25 young (51200K), 2 survivors (4096K)
 Metaspace       used 92662K, committed 93376K, reserved 1130496K
  class space    used 12668K, committed 12992K, reserved 1048576K
}
Event: 47.773 GC heap after
{Heap after GC invocations=34 (full 0):
 garbage-first heap   total 153600K, used 80469K [0x0000000700000000, 0x0000000800000000)
  region size 2048K, 4 young (8192K), 4 survivors (8192K)
 Metaspace       used 92662K, committed 93376K, reserved 1130496K
  class space    used 12668K, committed 12992K, reserved 1048576K
}
Event: 48.560 GC heap before
{Heap before GC invocations=35 (full 0):
 garbage-first heap   total 153600K, used 123477K [0x0000000700000000, 0x0000000800000000)
  region size 2048K, 25 young (51200K), 4 survivors (8192K)
 Metaspace       used 95163K, committed 95936K, reserved 1138688K
  class space    used 13028K, committed 13376K, reserved 1048576K
}
Event: 48.569 GC heap after
{Heap after GC invocations=36 (full 0):
 garbage-first heap   total 153600K, used 84901K [0x0000000700000000, 0x0000000800000000)
  region size 2048K, 4 young (8192K), 4 survivors (8192K)
 Metaspace       used 95163K, committed 95936K, reserved 1138688K
  class space    used 13028K, committed 13376K, reserved 1048576K
}
Event: 49.363 GC heap before
{Heap before GC invocations=36 (full 0):
 garbage-first heap   total 153600K, used 121765K [0x0000000700000000, 0x0000000800000000)
  region size 2048K, 23 young (47104K), 4 survivors (8192K)
 Metaspace       used 96488K, committed 97280K, reserved 1138688K
  class space    used 13205K, committed 13568K, reserved 1048576K
}
Event: 49.371 GC heap after
{Heap after GC invocations=37 (full 0):
 garbage-first heap   total 153600K, used 89150K [0x0000000700000000, 0x0000000800000000)
  region size 2048K, 3 young (6144K), 3 survivors (6144K)
 Metaspace       used 96488K, committed 97280K, reserved 1138688K
  class space    used 13205K, committed 13568K, reserved 1048576K
}
Event: 56.343 GC heap before
{Heap before GC invocations=38 (full 0):
 garbage-first heap   total 161792K, used 121918K [0x0000000700000000, 0x0000000800000000)
  region size 2048K, 20 young (40960K), 3 survivors (6144K)
 Metaspace       used 97830K, committed 98624K, reserved 1138688K
  class space    used 13436K, committed 13824K, reserved 1048576K
}
Event: 56.350 GC heap after
{Heap after GC invocations=39 (full 0):
 garbage-first heap   total 161792K, used 99608K [0x0000000700000000, 0x0000000800000000)
  region size 2048K, 3 young (6144K), 3 survivors (6144K)
 Metaspace       used 97830K, committed 98624K, reserved 1138688K
  class space    used 13436K, committed 13824K, reserved 1048576K
}
Event: 62.757 GC heap before
{Heap before GC invocations=39 (full 0):
 garbage-first heap   total 161792K, used 126232K [0x0000000700000000, 0x0000000800000000)
  region size 2048K, 17 young (34816K), 3 survivors (6144K)
 Metaspace       used 98051K, committed 98816K, reserved 1138688K
  class space    used 13458K, committed 13824K, reserved 1048576K
}
Event: 62.763 GC heap after
{Heap after GC invocations=40 (full 0):
 garbage-first heap   total 161792K, used 108352K [0x0000000700000000, 0x0000000800000000)
  region size 2048K, 3 young (6144K), 3 survivors (6144K)
 Metaspace       used 98051K, committed 98816K, reserved 1138688K
  class space    used 13458K, committed 13824K, reserved 1048576K
}
Event: 63.258 GC heap before
{Heap before GC invocations=41 (full 0):
 garbage-first heap   total 194560K, used 122688K [0x0000000700000000, 0x0000000800000000)
  region size 2048K, 11 young (22528K), 3 survivors (6144K)
 Metaspace       used 98238K, committed 99136K, reserved 1138688K
  class space    used 13480K, committed 13888K, reserved 1048576K
}
Event: 63.262 GC heap after
{Heap after GC invocations=42 (full 0):
 garbage-first heap   total 194560K, used 113510K [0x0000000700000000, 0x0000000800000000)
  region size 2048K, 2 young (4096K), 2 survivors (4096K)
 Metaspace       used 98238K, committed 99136K, reserved 1138688K
  class space    used 13480K, committed 13888K, reserved 1048576K
}
Event: 65.758 GC heap before
{Heap before GC invocations=42 (full 0):
 garbage-first heap   total 194560K, used 146278K [0x0000000700000000, 0x0000000800000000)
  region size 2048K, 19 young (38912K), 2 survivors (4096K)
 Metaspace       used 100146K, committed 100928K, reserved 1138688K
  class space    used 13767K, committed 14144K, reserved 1048576K
}
Event: 65.764 GC heap after
{Heap after GC invocations=43 (full 0):
 garbage-first heap   total 233472K, used 119558K [0x0000000700000000, 0x0000000800000000)
  region size 2048K, 3 young (6144K), 3 survivors (6144K)
 Metaspace       used 100146K, committed 100928K, reserved 1138688K
  class space    used 13767K, committed 14144K, reserved 1048576K
}
Event: 67.013 GC heap before
{Heap before GC invocations=44 (full 0):
 garbage-first heap   total 233472K, used 170758K [0x0000000700000000, 0x0000000800000000)
  region size 2048K, 28 young (57344K), 3 survivors (6144K)
 Metaspace       used 105461K, committed 106368K, reserved 1146880K
  class space    used 14489K, committed 14912K, reserved 1048576K
}
Event: 67.020 GC heap after
{Heap after GC invocations=45 (full 0):
 garbage-first heap   total 233472K, used 124958K [0x0000000700000000, 0x0000000800000000)
  region size 2048K, 3 young (6144K), 3 survivors (6144K)
 Metaspace       used 105461K, committed 106368K, reserved 1146880K
  class space    used 14489K, committed 14912K, reserved 1048576K
}
Event: 67.069 GC heap before
{Heap before GC invocations=45 (full 0):
 garbage-first heap   total 233472K, used 129054K [0x0000000700000000, 0x0000000800000000)
  region size 2048K, 5 young (10240K), 3 survivors (6144K)
 Metaspace       used 105518K, committed 106432K, reserved 1146880K
  class space    used 14491K, committed 14912K, reserved 1048576K
}
Event: 67.075 GC heap after
{Heap after GC invocations=46 (full 0):
 garbage-first heap   total 233472K, used 126451K [0x0000000700000000, 0x0000000800000000)
  region size 2048K, 1 young (2048K), 1 survivors (2048K)
 Metaspace       used 105518K, committed 106432K, reserved 1146880K
  class space    used 14491K, committed 14912K, reserved 1048576K
}

