# JRE version: OpenJDK Runtime Environment (17.0.6) (build 17.0.6+0-b2043.56-10027231)
# Java VM: OpenJDK 64-Bit Server VM (17.0.6+0-b2043.56-10027231, mixed mode, tiered, compressed oops, compressed class ptrs, g1 gc, windows-amd64)
GC Precious Log:
 CPUs: 8 total, 8 available
 Memory: 16078M
 Large Page Support: Disabled
 NUMA Support: Disabled
 Compressed Oops: Enabled (Zero based)
 Heap Region Size: 2M
 Heap Min Capacity: 8M
 Heap Initial Capacity: 252M
 Heap Max Capacity: 4G
 Pre-touch: Disabled
 Parallel Workers: 8
 Concurrent Workers: 2
 Concurrent Refinement Workers: 8
 Periodic GC: Disabled
Heap:
 garbage-first heap   total 319488K, used 148312K [0x0000000700000000, 0x0000000800000000)
  region size 2048K, 14 young (28672K), 6 survivors (12288K)
 Metaspace       used 111908K, committed 112896K, reserved 1146880K
  class space    used 15301K, committed 15744K, reserved 1048576K
GC Heap History (20 events):
Event: 20.616 GC heap before
{Heap before GC invocations=37 (full 0):
 garbage-first heap   total 159744K, used 123269K [0x0000000700000000, 0x0000000800000000)
  region size 2048K, 25 young (51200K), 2 survivors (4096K)
 Metaspace       used 88109K, committed 88832K, reserved 1130496K
  class space    used 11851K, committed 12160K, reserved 1048576K
}
Event: 20.622 GC heap after
{Heap after GC invocations=38 (full 0):
 garbage-first heap   total 159744K, used 79324K [0x0000000700000000, 0x0000000800000000)
  region size 2048K, 4 young (8192K), 4 survivors (8192K)
 Metaspace       used 88109K, committed 88832K, reserved 1130496K
  class space    used 11851K, committed 12160K, reserved 1048576K
}
Event: 20.665 GC heap before
{Heap before GC invocations=38 (full 0):
 garbage-first heap   total 159744K, used 81372K [0x0000000700000000, 0x0000000800000000)
  region size 2048K, 5 young (10240K), 4 survivors (8192K)
 Metaspace       used 88273K, committed 88960K, reserved 1130496K
  class space    used 11871K, committed 12160K, reserved 1048576K
}
Event: 20.672 GC heap after
{Heap after GC invocations=39 (full 0):
 garbage-first heap   total 159744K, used 78398K [0x0000000700000000, 0x0000000800000000)
  region size 2048K, 1 young (2048K), 1 survivors (2048K)
 Metaspace       used 88273K, committed 88960K, reserved 1130496K
  class space    used 11871K, committed 12160K, reserved 1048576K
}
Event: 21.290 GC heap before
{Heap before GC invocations=39 (full 0):
 garbage-first heap   total 159744K, used 125502K [0x0000000700000000, 0x0000000800000000)
  region size 2048K, 24 young (49152K), 1 survivors (2048K)
 Metaspace       used 90141K, committed 90816K, reserved 1130496K
  class space    used 12134K, committed 12416K, reserved 1048576K
}
Event: 21.296 GC heap after
{Heap after GC invocations=40 (full 0):
 garbage-first heap   total 159744K, used 79756K [0x0000000700000000, 0x0000000800000000)
  region size 2048K, 2 young (4096K), 2 survivors (4096K)
 Metaspace       used 90141K, committed 90816K, reserved 1130496K
  class space    used 12134K, committed 12416K, reserved 1048576K
}
Event: 22.018 GC heap before
{Heap before GC invocations=41 (full 0):
 garbage-first heap   total 159744K, used 126860K [0x0000000700000000, 0x0000000800000000)
  region size 2048K, 25 young (51200K), 2 survivors (4096K)
 Metaspace       used 93674K, committed 94336K, reserved 1130496K
  class space    used 12714K, committed 12992K, reserved 1048576K
}
Event: 22.024 GC heap after
{Heap after GC invocations=42 (full 0):
 garbage-first heap   total 159744K, used 82900K [0x0000000700000000, 0x0000000800000000)
  region size 2048K, 3 young (6144K), 3 survivors (6144K)
 Metaspace       used 93674K, committed 94336K, reserved 1130496K
  class space    used 12714K, committed 12992K, reserved 1048576K
}
Event: 22.055 GC heap before
{Heap before GC invocations=42 (full 0):
 garbage-first heap   total 159744K, used 84948K [0x0000000700000000, 0x0000000800000000)
  region size 2048K, 4 young (8192K), 3 survivors (6144K)
 Metaspace       used 93889K, committed 94592K, reserved 1138688K
  class space    used 12762K, committed 13056K, reserved 1048576K
}
Event: 22.061 GC heap after
{Heap after GC invocations=43 (full 0):
 garbage-first heap   total 159744K, used 82439K [0x0000000700000000, 0x0000000800000000)
  region size 2048K, 1 young (2048K), 1 survivors (2048K)
 Metaspace       used 93889K, committed 94592K, reserved 1138688K
  class space    used 12762K, committed 13056K, reserved 1048576K
}
Event: 22.730 GC heap before
{Heap before GC invocations=43 (full 0):
 garbage-first heap   total 159744K, used 127495K [0x0000000700000000, 0x0000000800000000)
  region size 2048K, 23 young (47104K), 1 survivors (2048K)
 Metaspace       used 97287K, committed 97984K, reserved 1138688K
  class space    used 13324K, committed 13632K, reserved 1048576K
}
Event: 22.736 GC heap after
{Heap after GC invocations=44 (full 0):
 garbage-first heap   total 159744K, used 85662K [0x0000000700000000, 0x0000000800000000)
  region size 2048K, 2 young (4096K), 2 survivors (4096K)
 Metaspace       used 97287K, committed 97984K, reserved 1138688K
  class space    used 13324K, committed 13632K, reserved 1048576K
}
Event: 23.644 GC heap before
{Heap before GC invocations=45 (full 0):
 garbage-first heap   total 159744K, used 130718K [0x0000000700000000, 0x0000000800000000)
  region size 2048K, 24 young (49152K), 2 survivors (4096K)
 Metaspace       used 98634K, committed 99392K, reserved 1138688K
  class space    used 13506K, committed 13824K, reserved 1048576K
}
Event: 23.654 GC heap after
{Heap after GC invocations=46 (full 0):
 garbage-first heap   total 159744K, used 90749K [0x0000000700000000, 0x0000000800000000)
  region size 2048K, 3 young (6144K), 3 survivors (6144K)
 Metaspace       used 98634K, committed 99392K, reserved 1138688K
  class space    used 13506K, committed 13824K, reserved 1048576K
}
Event: 23.668 GC heap before
{Heap before GC invocations=46 (full 0):
 garbage-first heap   total 159744K, used 90749K [0x0000000700000000, 0x0000000800000000)
  region size 2048K, 4 young (8192K), 3 survivors (6144K)
 Metaspace       used 98646K, committed 99392K, reserved 1138688K
  class space    used 13506K, committed 13824K, reserved 1048576K
}
Event: 23.677 GC heap after
{Heap after GC invocations=47 (full 0):
 garbage-first heap   total 319488K, used 90484K [0x0000000700000000, 0x0000000800000000)
  region size 2048K, 1 young (2048K), 1 survivors (2048K)
 Metaspace       used 98646K, committed 99392K, reserved 1138688K
  class space    used 13506K, committed 13824K, reserved 1048576K
}
Event: 26.587 GC heap before
{Heap before GC invocations=47 (full 0):
 garbage-first heap   total 319488K, used 237940K [0x0000000700000000, 0x0000000800000000)
  region size 2048K, 74 young (151552K), 1 survivors (2048K)
 Metaspace       used 106619K, committed 107520K, reserved 1146880K
  class space    used 14643K, committed 15040K, reserved 1048576K
}
Event: 26.606 GC heap after
{Heap after GC invocations=48 (full 0):
 garbage-first heap   total 319488K, used 121099K [0x0000000700000000, 0x0000000800000000)
  region size 2048K, 10 young (20480K), 10 survivors (20480K)
 Metaspace       used 106619K, committed 107520K, reserved 1146880K
  class space    used 14643K, committed 15040K, reserved 1048576K
}
Event: 28.084 GC heap before
{Heap before GC invocations=48 (full 0):
 garbage-first heap   total 319488K, used 215307K [0x0000000700000000, 0x0000000800000000)
  region size 2048K, 56 young (114688K), 10 survivors (20480K)
 Metaspace       used 111445K, committed 112320K, reserved 1146880K
  class space    used 15223K, committed 15616K, reserved 1048576K
}
Event: 28.101 GC heap after
{Heap after GC invocations=49 (full 0):
 garbage-first heap   total 319488K, used 133976K [0x0000000700000000, 0x0000000800000000)
  region size 2048K, 6 young (12288K), 6 survivors (12288K)
 Metaspace       used 111445K, committed 112320K, reserved 1146880K
  class space    used 15223K, committed 15616K, reserved 1048576K
}

